<?xml version="1.0" encoding="UTF-8"?>
<coverage generated="1676324316803" clover="3.2.0">
  <project timestamp="1676324316804" name="All files">
    <metrics statements="54" coveredstatements="50" conditionals="14" coveredconditionals="11" methods="25" coveredmethods="21" elements="93" coveredelements="82" complexity="0" loc="54" ncloc="54" packages="1" files="2" classes="2"/>
    <file name="matcher.ts" path="C:\proj\testing\src\matcher.ts">
      <metrics statements="27" coveredstatements="27" conditionals="1" coveredconditionals="0" methods="5" coveredmethods="5"/>
      <line num="1" count="2" type="stmt"/>
      <line num="2" count="2" type="stmt"/>
      <line num="5" count="2" type="stmt"/>
      <line num="6" count="2" type="stmt"/>
      <line num="7" count="2" type="stmt"/>
      <line num="10" count="2" type="stmt"/>
      <line num="11" count="2" type="stmt"/>
      <line num="14" count="2" type="stmt"/>
      <line num="15" count="2" type="stmt"/>
      <line num="16" count="2" type="stmt"/>
      <line num="17" count="2" type="stmt"/>
      <line num="18" count="2" type="stmt"/>
      <line num="19" count="2" type="stmt"/>
      <line num="20" count="2" type="stmt"/>
      <line num="23" count="2" type="stmt"/>
      <line num="24" count="2" type="stmt"/>
      <line num="25" count="2" type="stmt"/>
      <line num="26" count="2" type="stmt"/>
      <line num="29" count="2" type="stmt"/>
      <line num="30" count="2" type="stmt"/>
      <line num="32" count="2" type="stmt"/>
      <line num="33" count="7" type="stmt"/>
      <line num="36" count="2" type="cond" truecount="0" falsecount="1"/>
      <line num="37" count="12" type="stmt"/>
      <line num="39" count="12" type="stmt"/>
      <line num="40" count="11" type="stmt"/>
      <line num="41" count="1" type="stmt"/>
    </file>
    <file name="params.ts" path="C:\proj\testing\src\params.ts">
      <metrics statements="27" coveredstatements="23" conditionals="13" coveredconditionals="11" methods="20" coveredmethods="16"/>
      <line num="1" count="1" type="stmt"/>
      <line num="2" count="1" type="stmt"/>
      <line num="3" count="1" type="stmt"/>
      <line num="4" count="1" type="stmt"/>
      <line num="21" count="37" type="stmt"/>
      <line num="28" count="7" type="stmt"/>
      <line num="36" count="7" type="stmt"/>
      <line num="53" count="6" type="stmt"/>
      <line num="70" count="1" type="cond" truecount="0" falsecount="1"/>
      <line num="71" count="12" type="cond" truecount="2" falsecount="0"/>
      <line num="74" count="6" type="cond" truecount="1" falsecount="1"/>
      <line num="78" count="6" type="stmt"/>
      <line num="82" count="0" type="stmt"/>
      <line num="92" count="6" type="cond" truecount="3" falsecount="0"/>
      <line num="99" count="6" type="cond" truecount="2" falsecount="0"/>
      <line num="103" count="6" type="stmt"/>
      <line num="110" count="6" type="cond" truecount="2" falsecount="0"/>
      <line num="113" count="1" type="stmt"/>
      <line num="114" count="12" type="stmt"/>
      <line num="117" count="24" type="stmt"/>
      <line num="123" count="0" type="stmt"/>
      <line num="131" count="6" type="stmt"/>
      <line num="139" count="6" type="stmt"/>
      <line num="142" count="0" type="stmt"/>
      <line num="143" count="6" type="stmt"/>
      <line num="144" count="0" type="stmt"/>
      <line num="148" count="1" type="stmt"/>
    </file>
  </project>
</coverage>
