{"C:\\proj\\testing\\src\\matcher.ts": {"path":"C:\\proj\\testing\\src\\matcher.ts","statementMap":{"0":{"start":{"line":1,"column":0},"end":{"line":1,"column":38}},"1":{"start":{"line":2,"column":0},"end":{"line":2,"column":61}},"2":{"start":{"line":5,"column":16},"end":{"line":5,"column":37}},"3":{"start":{"line":6,"column":17},"end":{"line":6,"column":36}},"4":{"start":{"line":7,"column":13},"end":{"line":7,"column":41}},"5":{"start":{"line":10,"column":21},"end":{"line":10,"column":48}},"6":{"start":{"line":11,"column":16},"end":{"line":11,"column":59}},"7":{"start":{"line":14,"column":33},"end":{"line":14,"column":72}},"8":{"start":{"line":15,"column":31},"end":{"line":15,"column":68}},"9":{"start":{"line":16,"column":18},"end":{"line":16,"column":81}},"10":{"start":{"line":17,"column":31},"end":{"line":17,"column":102}},"11":{"start":{"line":18,"column":29},"end":{"line":18,"column":64}},"12":{"start":{"line":19,"column":17},"end":{"line":19,"column":79}},"13":{"start":{"line":20,"column":21},"end":{"line":20,"column":68}},"14":{"start":{"line":23,"column":33},"end":{"line":23,"column":72}},"15":{"start":{"line":24,"column":31},"end":{"line":24,"column":68}},"16":{"start":{"line":25,"column":29},"end":{"line":25,"column":64}},"17":{"start":{"line":26,"column":21},"end":{"line":26,"column":135}},"18":{"start":{"line":29,"column":15},"end":{"line":29,"column":74}},"19":{"start":{"line":30,"column":14},"end":{"line":30,"column":46}},"20":{"start":{"line":32,"column":13},"end":{"line":34,"column":null}},"21":{"start":{"line":33,"column":14},"end":{"line":33,"column":36}},"22":{"start":{"line":37,"column":2},"end":{"line":42,"column":null}},"23":{"start":{"line":39,"column":23},"end":{"line":39,"column":35}},"24":{"start":{"line":40,"column":13},"end":{"line":40,"column":23}},"25":{"start":{"line":41,"column":20},"end":{"line":41,"column":22}},"26":{"start":{"line":36,"column":0},"end":{"line":36,"column":16}}},"fnMap":{"0":{"name":"(anonymous_0)","decl":{"start":{"line":33,"column":8},"end":{"line":33,"column":11}},"loc":{"start":{"line":33,"column":14},"end":{"line":33,"column":36}}},"1":{"name":"wrapNonCap","decl":{"start":{"line":36,"column":16},"end":{"line":36,"column":26}},"loc":{"start":{"line":36,"column":48},"end":{"line":43,"column":1}}},"2":{"name":"(anonymous_2)","decl":{"start":{"line":39,"column":18},"end":{"line":39,"column":19}},"loc":{"start":{"line":39,"column":23},"end":{"line":39,"column":35}}},"3":{"name":"(anonymous_3)","decl":{"start":{"line":40,"column":8},"end":{"line":40,"column":9}},"loc":{"start":{"line":40,"column":13},"end":{"line":40,"column":23}}},"4":{"name":"(anonymous_4)","decl":{"start":{"line":41,"column":14},"end":{"line":41,"column":17}},"loc":{"start":{"line":41,"column":20},"end":{"line":41,"column":22}}}},"branchMap":{"0":{"loc":{"start":{"line":36,"column":27},"end":{"line":36,"column":48}},"type":"default-arg","locations":[{"start":{"line":36,"column":46},"end":{"line":36,"column":48}}]}},"s":{"0":2,"1":2,"2":2,"3":2,"4":2,"5":2,"6":2,"7":2,"8":2,"9":2,"10":2,"11":2,"12":2,"13":2,"14":2,"15":2,"16":2,"17":2,"18":2,"19":2,"20":2,"21":7,"22":12,"23":12,"24":11,"25":1,"26":2},"f":{"0":7,"1":12,"2":12,"3":11,"4":1},"b":{"0":[0]}}
,"C:\\proj\\testing\\src\\params.ts": {"path":"C:\\proj\\testing\\src\\params.ts","statementMap":{"0":{"start":{"line":1,"column":0},"end":{"line":1,"column":38}},"1":{"start":{"line":2,"column":0},"end":{"line":2,"column":45}},"2":{"start":{"line":3,"column":0},"end":{"line":3,"column":36}},"3":{"start":{"line":4,"column":0},"end":{"line":4,"column":103}},"4":{"start":{"line":21,"column":2},"end":{"line":24,"column":null}},"5":{"start":{"line":28,"column":2},"end":{"line":32,"column":null}},"6":{"start":{"line":148,"column":63},"end":{"line":148,"column":72}},"7":{"start":{"line":36,"column":2},"end":{"line":39,"column":4}},"8":{"start":{"line":53,"column":2},"end":{"line":59,"column":5}},"9":{"start":{"line":70,"column":51},"end":{"line":71,"column":39}},"10":{"start":{"line":71,"column":2},"end":{"line":71,"column":39}},"11":{"start":{"line":74,"column":2},"end":{"line":74,"column":null}},"12":{"start":{"line":78,"column":2},"end":{"line":84,"column":4}},"13":{"start":{"line":82,"column":12},"end":{"line":82,"column":50}},"14":{"start":{"line":92,"column":2},"end":{"line":92,"column":88}},"15":{"start":{"line":99,"column":2},"end":{"line":99,"column":68}},"16":{"start":{"line":103,"column":2},"end":{"line":103,"column":42}},"17":{"start":{"line":110,"column":2},"end":{"line":110,"column":64}},"18":{"start":{"line":113,"column":57},"end":{"line":114,"column":26}},"19":{"start":{"line":114,"column":2},"end":{"line":114,"column":26}},"20":{"start":{"line":117,"column":2},"end":{"line":127,"column":4}},"21":{"start":{"line":123,"column":15},"end":{"line":123,"column":59}},"22":{"start":{"line":131,"column":2},"end":{"line":135,"column":null}},"23":{"start":{"line":139,"column":2},"end":{"line":145,"column":4}},"24":{"start":{"line":142,"column":56},"end":{"line":142,"column":117}},"25":{"start":{"line":143,"column":13},"end":{"line":143,"column":20}},"26":{"start":{"line":144,"column":20},"end":{"line":144,"column":22}}},"fnMap":{"0":{"name":"paramsErrorFrom","decl":{"start":{"line":20,"column":9},"end":{"line":20,"column":24}},"loc":{"start":{"line":20,"column":58},"end":{"line":25,"column":1}}},"1":{"name":"getParams","decl":{"start":{"line":27,"column":9},"end":{"line":27,"column":18}},"loc":{"start":{"line":27,"column":33},"end":{"line":33,"column":1}}},"2":{"name":"getMatchGroupsEither","decl":{"start":{"line":35,"column":9},"end":{"line":35,"column":29}},"loc":{"start":{"line":35,"column":44},"end":{"line":40,"column":1}}},"3":{"name":"getParts","decl":{"start":{"line":52,"column":9},"end":{"line":52,"column":17}},"loc":{"start":{"line":52,"column":47},"end":{"line":68,"column":1}}},"4":{"name":"(anonymous_4)","decl":{"start":{"line":70,"column":51},"end":{"line":70,"column":52}},"loc":{"start":{"line":71,"column":2},"end":{"line":71,"column":39}}},"5":{"name":"getFormattedBookName","decl":{"start":{"line":73,"column":9},"end":{"line":73,"column":29}},"loc":{"start":{"line":73,"column":57},"end":{"line":75,"column":1}}},"6":{"name":"buildBook","decl":{"start":{"line":77,"column":9},"end":{"line":77,"column":18}},"loc":{"start":{"line":77,"column":73},"end":{"line":85,"column":1}}},"7":{"name":"(anonymous_7)","decl":{"start":{"line":82,"column":6},"end":{"line":82,"column":9}},"loc":{"start":{"line":82,"column":12},"end":{"line":82,"column":50}}},"8":{"name":"buildChapterStart","decl":{"start":{"line":87,"column":9},"end":{"line":87,"column":26}},"loc":{"start":{"line":91,"column":37},"end":{"line":93,"column":1}}},"9":{"name":"buildChapterEnd","decl":{"start":{"line":95,"column":9},"end":{"line":95,"column":24}},"loc":{"start":{"line":98,"column":25},"end":{"line":100,"column":1}}},"10":{"name":"buildVerseStart","decl":{"start":{"line":102,"column":9},"end":{"line":102,"column":24}},"loc":{"start":{"line":102,"column":85},"end":{"line":104,"column":1}}},"11":{"name":"buildVerseEnd","decl":{"start":{"line":106,"column":9},"end":{"line":106,"column":22}},"loc":{"start":{"line":109,"column":25},"end":{"line":111,"column":1}}},"12":{"name":"(anonymous_12)","decl":{"start":{"line":113,"column":57},"end":{"line":113,"column":58}},"loc":{"start":{"line":114,"column":2},"end":{"line":114,"column":26}}},"13":{"name":"toNumber","decl":{"start":{"line":116,"column":9},"end":{"line":116,"column":17}},"loc":{"start":{"line":116,"column":30},"end":{"line":128,"column":1}}},"14":{"name":"(anonymous_14)","decl":{"start":{"line":123,"column":8},"end":{"line":123,"column":11}},"loc":{"start":{"line":123,"column":15},"end":{"line":123,"column":59}}},"15":{"name":"trimBook","decl":{"start":{"line":130,"column":9},"end":{"line":130,"column":17}},"loc":{"start":{"line":130,"column":30},"end":{"line":136,"column":1}}},"16":{"name":"getBookNumString","decl":{"start":{"line":138,"column":9},"end":{"line":138,"column":25}},"loc":{"start":{"line":138,"column":42},"end":{"line":146,"column":1}}},"17":{"name":"(anonymous_17)","decl":{"start":{"line":142,"column":49},"end":{"line":142,"column":52}},"loc":{"start":{"line":142,"column":56},"end":{"line":142,"column":117}}},"18":{"name":"(anonymous_18)","decl":{"start":{"line":143,"column":8},"end":{"line":143,"column":9}},"loc":{"start":{"line":143,"column":13},"end":{"line":143,"column":20}}},"19":{"name":"(anonymous_19)","decl":{"start":{"line":144,"column":14},"end":{"line":144,"column":17}},"loc":{"start":{"line":144,"column":20},"end":{"line":144,"column":22}}}},"branchMap":{"0":{"loc":{"start":{"line":20,"column":41},"end":{"line":20,"column":58}},"type":"default-arg","locations":[{"start":{"line":20,"column":56},"end":{"line":20,"column":58}}]},"1":{"loc":{"start":{"line":70,"column":52},"end":{"line":70,"column":58}},"type":"default-arg","locations":[{"start":{"line":70,"column":56},"end":{"line":70,"column":58}}]},"2":{"loc":{"start":{"line":71,"column":2},"end":{"line":71,"column":39}},"type":"binary-expr","locations":[{"start":{"line":71,"column":2},"end":{"line":71,"column":23}},{"start":{"line":71,"column":27},"end":{"line":71,"column":39}}]},"3":{"loc":{"start":{"line":74,"column":45},"end":{"line":74,"column":55}},"type":"binary-expr","locations":[{"start":{"line":74,"column":45},"end":{"line":74,"column":49}},{"start":{"line":74,"column":53},"end":{"line":74,"column":55}}]},"4":{"loc":{"start":{"line":92,"column":18},"end":{"line":92,"column":86}},"type":"binary-expr","locations":[{"start":{"line":92,"column":18},"end":{"line":92,"column":30}},{"start":{"line":92,"column":34},"end":{"line":92,"column":58}},{"start":{"line":92,"column":62},"end":{"line":92,"column":86}}]},"5":{"loc":{"start":{"line":99,"column":18},"end":{"line":99,"column":66}},"type":"binary-expr","locations":[{"start":{"line":99,"column":18},"end":{"line":99,"column":40}},{"start":{"line":99,"column":44},"end":{"line":99,"column":66}}]},"6":{"loc":{"start":{"line":110,"column":18},"end":{"line":110,"column":62}},"type":"binary-expr","locations":[{"start":{"line":110,"column":18},"end":{"line":110,"column":38}},{"start":{"line":110,"column":42},"end":{"line":110,"column":62}}]}},"s":{"0":1,"1":1,"2":1,"3":1,"4":37,"5":7,"6":1,"7":7,"8":6,"9":1,"10":12,"11":6,"12":6,"13":0,"14":6,"15":6,"16":6,"17":6,"18":1,"19":12,"20":24,"21":0,"22":6,"23":6,"24":0,"25":6,"26":0},"f":{"0":37,"1":7,"2":7,"3":6,"4":12,"5":6,"6":6,"7":0,"8":6,"9":6,"10":6,"11":6,"12":12,"13":24,"14":0,"15":6,"16":6,"17":0,"18":6,"19":0},"b":{"0":[37],"1":[0],"2":[12,12],"3":[6,0],"4":[6,5,2],"5":[6,5],"6":[6,4]}}
}
