TN:
SF:src\matcher.ts
FN:33,(anonymous_0)
FN:36,wrapNonCap
FN:39,(anonymous_2)
FN:40,(anonymous_3)
FN:41,(anonymous_4)
FNF:5
FNH:5
FNDA:7,(anonymous_0)
FNDA:12,wrapNonCap
FNDA:12,(anonymous_2)
FNDA:11,(anonymous_3)
FNDA:1,(anonymous_4)
DA:1,2
DA:2,2
DA:5,2
DA:6,2
DA:7,2
DA:10,2
DA:11,2
DA:14,2
DA:15,2
DA:16,2
DA:17,2
DA:18,2
DA:19,2
DA:20,2
DA:23,2
DA:24,2
DA:25,2
DA:26,2
DA:29,2
DA:30,2
DA:32,2
DA:33,7
DA:36,2
DA:37,12
DA:39,12
DA:40,11
DA:41,1
LF:27
LH:27
BRDA:36,0,0,0
BRF:1
BRH:0
end_of_record
TN:
SF:src\params.ts
FN:20,paramsErrorFrom
FN:27,getParams
FN:35,getMatchGroupsEither
FN:52,getParts
FN:70,(anonymous_4)
FN:73,getFormattedBookName
FN:77,buildBook
FN:82,(anonymous_7)
FN:87,buildChapterStart
FN:95,buildChapterEnd
FN:102,buildVerseStart
FN:106,buildVerseEnd
FN:113,(anonymous_12)
FN:116,toNumber
FN:123,(anonymous_14)
FN:130,trimBook
FN:138,getBookNumString
FN:142,(anonymous_17)
FN:143,(anonymous_18)
FN:144,(anonymous_19)
FNF:20
FNH:16
FNDA:37,paramsErrorFrom
FNDA:7,getParams
FNDA:7,getMatchGroupsEither
FNDA:6,getParts
FNDA:12,(anonymous_4)
FNDA:6,getFormattedBookName
FNDA:6,buildBook
FNDA:0,(anonymous_7)
FNDA:6,buildChapterStart
FNDA:6,buildChapterEnd
FNDA:6,buildVerseStart
FNDA:6,buildVerseEnd
FNDA:12,(anonymous_12)
FNDA:24,toNumber
FNDA:0,(anonymous_14)
FNDA:6,trimBook
FNDA:6,getBookNumString
FNDA:0,(anonymous_17)
FNDA:6,(anonymous_18)
FNDA:0,(anonymous_19)
DA:1,1
DA:2,1
DA:3,1
DA:4,1
DA:21,37
DA:28,7
DA:36,7
DA:53,6
DA:70,1
DA:71,12
DA:74,6
DA:78,6
DA:82,0
DA:92,6
DA:99,6
DA:103,6
DA:110,6
DA:113,1
DA:114,12
DA:117,24
DA:123,0
DA:131,6
DA:139,6
DA:142,0
DA:143,6
DA:144,0
DA:148,1
LF:27
LH:23
BRDA:20,0,0,37
BRDA:70,1,0,0
BRDA:71,2,0,12
BRDA:71,2,1,12
BRDA:74,3,0,6
BRDA:74,3,1,0
BRDA:92,4,0,6
BRDA:92,4,1,5
BRDA:92,4,2,2
BRDA:99,5,0,6
BRDA:99,5,1,5
BRDA:110,6,0,6
BRDA:110,6,1,4
BRF:13
BRH:11
end_of_record
